2026-04-21 10:32:02 INFO Fetching experiment context for accession: ERX11662371
2026-04-21 10:32:04 INFO Fetching experiment context for accession: SRX19233503
2026-04-21 10:32:05 INFO Fetching PubMed abstracts for PMIDs: ['36803741']
2026-04-21 10:32:06 INFO Fetching experiment context for accession: ERX11662373
2026-04-21 10:36:58 INFO Fetching experiment context for accession: ERX11662371
2026-04-21 10:37:00 INFO Fetching experiment context for accession: SRX19233503
2026-04-21 10:37:01 INFO Fetching PubMed abstracts for PMIDs: ['36803741']
2026-04-21 10:37:02 INFO Fetching experiment context for accession: ERX11662373
2026-04-21 10:37:04 INFO Fetching experiment context for accession: ERX11662385
2026-04-21 10:37:06 INFO Fetching experiment context for accession: ERX11662357
2026-04-21 10:37:31 INFO Fetching experiment context for accession: ERX11662371
2026-04-21 10:37:33 INFO Fetching experiment context for accession: SRX19233503
2026-04-21 10:37:34 INFO Fetching PubMed abstracts for PMIDs: ['36803741']
2026-04-21 10:37:35 INFO Fetching experiment context for accession: ERX11662373
2026-04-21 10:37:37 INFO Fetching experiment context for accession: ERX11662385
2026-04-21 10:37:39 INFO Fetching experiment context for accession: ERX11662357
2026-04-21 10:37:41 INFO Fetching experiment context for accession: ERX11662360
2026-04-21 10:37:43 INFO Fetching experiment context for accession: ERX11662364
2026-04-21 10:37:44 INFO Fetching experiment context for accession: ERX11662370
2026-04-21 10:37:46 INFO Fetching experiment context for accession: ERX11662369
2026-04-21 10:37:48 INFO Fetching experiment context for accession: ERX11662367
2026-04-21 10:37:50 INFO Fetching experiment context for accession: ERX11662377
2026-04-21 10:37:52 INFO Fetching experiment context for accession: ERX11662378
2026-04-21 10:37:54 INFO Fetching experiment context for accession: ERX8831394
2026-04-21 10:37:56 INFO Fetching experiment context for accession: ERX8831397
2026-04-21 10:37:58 INFO Fetching experiment context for accession: SRX20098024
2026-04-21 10:38:00 INFO Fetching PubMed abstracts for PMIDs: ['37508518']
2026-04-21 10:38:01 INFO Fetching experiment context for accession: SRX22613097
2026-04-21 10:38:03 INFO Fetching PubMed abstracts for PMIDs: ['38937474']
2026-04-21 10:38:04 INFO Fetching experiment context for accession: SRX19233504
2026-04-21 10:38:06 INFO Fetching PubMed abstracts for PMIDs: ['36803741']
2026-04-21 10:38:07 INFO Fetching experiment context for accession: ERX11662376
2026-04-21 10:38:09 INFO Fetching experiment context for accession: ERX11662375
2026-04-21 10:38:11 INFO Fetching experiment context for accession: ERX11662381
2026-04-21 10:38:13 INFO Fetching experiment context for accession: ERX11662384
2026-04-21 10:38:15 INFO Fetching experiment context for accession: ERX11662361
2026-04-21 10:38:16 INFO Fetching experiment context for accession: SRX22613099
2026-04-21 10:38:18 INFO Fetching PubMed abstracts for PMIDs: ['38937474']
2026-04-21 10:38:19 INFO Fetching experiment context for accession: SRX22613094
2026-04-21 10:38:21 INFO Fetching PubMed abstracts for PMIDs: ['38937474']
2026-04-21 10:38:23 INFO Fetching experiment context for accession: SRX22613095
2026-04-21 10:38:25 INFO Fetching PubMed abstracts for PMIDs: ['38937474']
2026-04-21 10:38:27 INFO Fetching experiment context for accession: ERX11662382
2026-04-21 10:38:29 INFO Fetching experiment context for accession: ERX11662366
2026-04-21 10:38:31 INFO Fetching experiment context for accession: ERX11662359
2026-04-21 10:38:33 INFO Fetching experiment context for accession: SRX22613098
2026-04-21 10:38:34 INFO Fetching PubMed abstracts for PMIDs: ['38937474']
2026-04-21 10:38:37 INFO Fetching experiment context for accession: ERX11662338
2026-04-21 10:38:39 INFO Fetching experiment context for accession: ERX8831396
2026-04-21 10:38:40 INFO Fetching experiment context for accession: SRX19192164
2026-04-21 10:38:42 INFO Fetching PubMed abstracts for PMIDs: ['37592372']
2026-04-21 10:38:45 INFO Fetching experiment context for accession: SRX10327362
2026-04-21 10:38:46 INFO Fetching PubMed abstracts for PMIDs: ['34383863', '39791903', '37724882']
2026-04-21 10:38:48 INFO Fetching experiment context for accession: SRX26771412
2026-04-21 10:38:50 INFO Fetching experiment context for accession: ERX11876750
2026-04-21 10:38:51 INFO Fetching experiment context for accession: ERX11876760
2026-04-21 10:38:53 INFO Fetching experiment context for accession: ERX11876763
2026-04-21 10:38:55 INFO Fetching experiment context for accession: ERX11876767
2026-04-21 10:38:56 INFO Fetching experiment context for accession: SRX18248070
2026-04-21 10:38:58 INFO Fetching experiment context for accession: ERX11876755
2026-04-21 10:39:00 INFO Fetching experiment context for accession: ERX11876754
2026-04-21 10:39:01 INFO Fetching experiment context for accession: ERX11876753
2026-04-21 10:39:03 INFO Fetching experiment context for accession: ERX11876769
2026-04-21 10:39:05 INFO Fetching experiment context for accession: ERX11876768
2026-04-21 10:39:06 INFO Fetching experiment context for accession: ERX11876758
2026-04-21 10:39:08 INFO Fetching experiment context for accession: ERX11876751
2026-04-21 10:39:10 INFO Fetching experiment context for accession: ERX11876765
2026-04-21 10:39:11 INFO Fetching experiment context for accession: SRX26487574
2026-04-21 10:39:13 INFO Fetching PubMed abstracts for PMIDs: ['39545922']
2026-04-21 10:39:14 INFO Fetching experiment context for accession: ERX11876770
2026-04-21 10:39:16 INFO Fetching experiment context for accession: SRX22996343
2026-04-21 10:39:18 INFO Fetching experiment context for accession: SRX20407496
2026-04-21 10:39:19 INFO Fetching experiment context for accession: ERX11876748
2026-04-21 10:39:21 INFO Fetching experiment context for accession: SRX22996385
2026-04-21 10:39:23 INFO Fetching experiment context for accession: SRX24313469
2026-04-21 10:39:24 INFO Fetching PubMed abstracts for PMIDs: ['38955180']
2026-04-21 10:39:26 INFO Fetching experiment context for accession: SRX22996351
2026-04-21 10:39:28 INFO Fetching experiment context for accession: SRX22996310
2026-04-21 10:39:29 INFO Fetching experiment context for accession: SRX25038166
2026-04-21 10:39:31 INFO Fetching experiment context for accession: SRX27313889
2026-04-21 10:39:33 INFO Fetching experiment context for accession: SRX22996360
2026-04-21 10:39:35 INFO Fetching experiment context for accession: SRX26487567
2026-04-21 10:39:36 INFO Fetching PubMed abstracts for PMIDs: ['39545922']
2026-04-21 10:39:37 INFO Fetching experiment context for accession: SRX26487572
2026-04-21 10:39:39 INFO Fetching PubMed abstracts for PMIDs: ['39545922']
2026-04-21 10:39:41 INFO Fetching experiment context for accession: SRX22996331
2026-04-21 10:39:42 INFO Fetching experiment context for accession: SRX22996320
2026-04-21 10:39:44 INFO Fetching experiment context for accession: SRX22996346
2026-04-21 10:39:45 INFO Fetching experiment context for accession: SRX22996348
2026-04-21 10:39:47 INFO Fetching experiment context for accession: SRX22996356
2026-04-21 10:39:49 INFO Fetching experiment context for accession: SRX22996378
2026-04-21 10:39:50 INFO Fetching experiment context for accession: SRX22996323
2026-04-21 10:39:52 INFO Fetching experiment context for accession: SRX22996333
2026-04-21 10:39:53 INFO Fetching experiment context for accession: SRX22996328
2026-04-21 10:39:55 INFO Fetching experiment context for accession: SRX22996369
2026-04-21 10:39:57 INFO Fetching experiment context for accession: SRX22996322
2026-04-21 10:39:58 INFO Fetching experiment context for accession: SRX24732577
2026-04-21 10:40:00 INFO Fetching PubMed abstracts for PMIDs: ['39395995']
2026-04-21 10:40:02 INFO Fetching experiment context for accession: SRX10425169
2026-04-21 10:40:04 INFO Fetching PubMed abstracts for PMIDs: ['32166015']
2026-04-21 10:40:05 INFO Fetching experiment context for accession: SRX22996392
2026-04-21 10:40:06 INFO Fetching experiment context for accession: SRX22146401
2026-04-21 10:40:08 INFO Fetching PubMed abstracts for PMIDs: ['39134516']
2026-04-21 10:40:10 INFO Fetching experiment context for accession: SRX21460119
2026-04-21 10:40:12 INFO Fetching PubMed abstracts for PMIDs: ['39266564']
2026-04-21 10:40:12 INFO Fetching experiment context for accession: SRX20221194
2026-04-21 10:40:14 INFO Fetching PubMed abstracts for PMIDs: ['37752109']
2026-04-21 10:40:15 INFO Fetching experiment context for accession: SRX21460097
2026-04-21 10:40:16 INFO Fetching PubMed abstracts for PMIDs: ['39266564']
2026-04-21 10:40:18 INFO Fetching experiment context for accession: SRX22996382
2026-04-21 10:40:20 INFO Fetching experiment context for accession: SRX22159982
2026-04-21 10:40:21 INFO Fetching PubMed abstracts for PMIDs: ['38092916']
2026-04-21 10:40:22 INFO Fetching experiment context for accession: SRX22996352
2026-04-21 10:40:24 INFO Fetching experiment context for accession: SRX22996373
2026-04-21 10:40:26 INFO Fetching experiment context for accession: SRX19844830
2026-04-21 10:40:27 INFO Fetching PubMed abstracts for PMIDs: ['36993211', '38548990']
2026-04-21 10:40:29 INFO Fetching experiment context for accession: SRX17689201
2026-04-21 10:40:30 INFO Fetching PubMed abstracts for PMIDs: ['37142338']
2026-04-21 10:40:31 INFO Fetching experiment context for accession: SRX22996309
2026-04-21 10:40:33 INFO Fetching experiment context for accession: SRX22996384
2026-04-21 10:40:34 INFO Fetching experiment context for accession: SRX19727430
2026-04-21 10:40:36 INFO Fetching PubMed abstracts for PMIDs: ['37215140']
2026-04-21 10:40:37 INFO Fetching experiment context for accession: ERX11876757
2026-04-21 10:40:38 INFO Fetching experiment context for accession: SRX19886043
2026-04-21 10:40:40 INFO Fetching experiment context for accession: SRX19844849
2026-04-21 10:40:42 INFO Fetching PubMed abstracts for PMIDs: ['36993211', '38548990']
2026-04-21 10:40:44 INFO Fetching experiment context for accession: SRX18248067
2026-04-21 10:40:46 INFO Fetching experiment context for accession: SRX19886032
2026-04-21 10:40:48 INFO Fetching experiment context for accession: SRX19704124
2026-04-21 10:40:49 INFO Fetching PubMed abstracts for PMIDs: ['36993211', '38548990']
2026-04-21 10:40:50 INFO Fetching experiment context for accession: SRX23231247
2026-04-21 10:40:52 INFO Fetching PubMed abstracts for PMIDs: ['38273656']
2026-04-21 10:40:53 INFO Fetching experiment context for accession: SRX19886028
2026-04-21 10:40:54 INFO Fetching experiment context for accession: SRX22996312
2026-04-21 10:40:56 INFO Fetching experiment context for accession: SRX22996341
2026-04-21 10:40:58 INFO Fetching experiment context for accession: SRX22996316
2026-04-21 10:40:59 INFO Fetching experiment context for accession: SRX25319036
2026-04-21 10:41:01 INFO Fetching PubMed abstracts for PMIDs: ['39042459']
2026-04-21 10:41:02 INFO Fetching experiment context for accession: SRX19844834
2026-04-21 10:41:03 INFO Fetching PubMed abstracts for PMIDs: ['36993211', '38548990']
2026-04-21 10:41:04 INFO Fetching experiment context for accession: SRX25038163
2026-04-21 10:41:06 INFO Fetching experiment context for accession: SRX19844831
2026-04-21 10:41:07 INFO Fetching PubMed abstracts for PMIDs: ['36993211', '38548990']
2026-04-21 10:41:08 INFO Fetching experiment context for accession: SRX19704161
2026-04-21 10:41:10 INFO Fetching PubMed abstracts for PMIDs: ['36993211', '38548990']
2026-04-21 10:41:11 INFO Fetching experiment context for accession: SRX22996388
2026-04-21 10:41:13 INFO Fetching experiment context for accession: SRX17689199
2026-04-21 10:41:14 INFO Fetching PubMed abstracts for PMIDs: ['37142338']
2026-04-21 10:41:15 INFO Fetching experiment context for accession: SRX19704151
2026-04-21 10:41:17 INFO Fetching PubMed abstracts for PMIDs: ['36993211', '38548990']
2026-04-21 10:41:18 INFO Fetching experiment context for accession: SRX22996374
2026-04-21 10:41:19 INFO Fetching experiment context for accession: SRX19704122
2026-04-21 10:41:21 INFO Fetching PubMed abstracts for PMIDs: ['36993211', '38548990']
2026-04-21 10:41:22 INFO Fetching experiment context for accession: SRX22996339
2026-04-21 10:41:23 INFO Fetching experiment context for accession: SRX19886030
2026-04-21 10:41:25 INFO Fetching experiment context for accession: SRX22996383
2026-04-21 10:41:26 INFO Fetching experiment context for accession: SRX22996334
2026-04-21 10:41:28 INFO Fetching experiment context for accession: SRX19704126
2026-04-21 10:41:30 INFO Fetching PubMed abstracts for PMIDs: ['36993211', '38548990']
2026-04-21 10:41:31 INFO Fetching experiment context for accession: ERX11876764
2026-04-21 10:41:32 INFO Fetching experiment context for accession: SRX19704198
2026-04-21 10:41:34 INFO Fetching PubMed abstracts for PMIDs: ['36993211', '38548990']
2026-04-21 10:41:35 INFO Fetching experiment context for accession: SRX17689198
2026-04-21 10:41:36 INFO Fetching PubMed abstracts for PMIDs: ['37142338']
2026-04-21 10:41:37 INFO Fetching experiment context for accession: SRX17689200
2026-04-21 10:41:39 INFO Fetching PubMed abstracts for PMIDs: ['37142338']
2026-04-21 10:41:40 INFO Fetching experiment context for accession: SRX17689197
2026-04-21 10:41:41 INFO Fetching PubMed abstracts for PMIDs: ['37142338']
2026-04-21 10:41:42 INFO Fetching experiment context for accession: SRX17689204
2026-04-21 10:41:44 INFO Fetching PubMed abstracts for PMIDs: ['37142338']
2026-04-21 10:41:45 INFO Fetching experiment context for accession: SRX17689203
2026-04-21 10:41:47 INFO Fetching PubMed abstracts for PMIDs: ['37142338']
2026-04-21 10:41:47 INFO Fetching experiment context for accession: SRX17689205
2026-04-21 10:41:49 INFO Fetching PubMed abstracts for PMIDs: ['37142338']
2026-04-21 10:41:50 INFO Fetching experiment context for accession: SRX17689210
2026-04-21 10:41:52 INFO Fetching PubMed abstracts for PMIDs: ['37142338']
2026-04-21 10:41:53 INFO Fetching experiment context for accession: SRX17664572
2026-04-21 10:41:54 INFO Fetching PubMed abstracts for PMIDs: ['35543222']
2026-04-21 10:41:55 INFO Fetching experiment context for accession: SRX23619806
2026-04-21 10:41:57 INFO Fetching PubMed abstracts for PMIDs: ['40694497']
2026-04-21 10:41:58 INFO Fetching experiment context for accession: SRX22834774
2026-04-21 10:41:59 INFO Fetching PubMed abstracts for PMIDs: ['39159239']
2026-04-21 10:42:00 INFO Fetching experiment context for accession: SRX19727427
2026-04-21 10:42:02 INFO Fetching PubMed abstracts for PMIDs: ['37215140']
2026-04-21 10:42:03 INFO Fetching experiment context for accession: SRX22226502
2026-04-21 10:42:05 INFO Fetching PubMed abstracts for PMIDs: ['39083602']
2026-04-21 10:42:05 INFO Fetching experiment context for accession: SRX22996344
2026-04-21 10:42:08 INFO Fetching experiment context for accession: SRX22996325
2026-04-21 10:42:10 INFO Fetching experiment context for accession: SRX23619807
2026-04-21 10:42:11 INFO Fetching PubMed abstracts for PMIDs: ['40694497']
2026-04-21 10:42:12 INFO Fetching experiment context for accession: SRX23619809
2026-04-21 10:42:14 INFO Fetching PubMed abstracts for PMIDs: ['40694497']
2026-04-21 10:42:15 INFO Fetching experiment context for accession: SRX23838225
2026-04-21 10:42:16 INFO Fetching PubMed abstracts for PMIDs: ['40694497']
2026-04-21 10:42:17 INFO Fetching experiment context for accession: SRX17896694
2026-04-21 10:42:19 INFO Fetching PubMed abstracts for PMIDs: ['37165073']
2026-04-21 10:42:20 INFO Fetching experiment context for accession: SRX17689209
2026-04-21 10:42:21 INFO Fetching PubMed abstracts for PMIDs: ['37142338']
2026-04-21 10:42:22 INFO Fetching experiment context for accession: SRX17896691
2026-04-21 10:42:24 INFO Fetching PubMed abstracts for PMIDs: ['37165073']
2026-04-21 10:42:25 INFO Fetching experiment context for accession: SRX16217005
2026-04-21 10:42:26 INFO Fetching PubMed abstracts for PMIDs: ['36319064']
2026-04-21 10:42:27 INFO Fetching experiment context for accession: SRX17941758
2026-04-21 10:42:29 INFO Fetching PubMed abstracts for PMIDs: ['37741886']
2026-04-21 10:42:30 INFO Fetching experiment context for accession: SRX16217016
2026-04-21 10:42:32 INFO Fetching PubMed abstracts for PMIDs: ['36319064']
2026-04-21 10:42:32 INFO Fetching experiment context for accession: SRX16217009
2026-04-21 10:42:34 INFO Fetching PubMed abstracts for PMIDs: ['36319064']
2026-04-21 10:42:35 INFO Fetching experiment context for accession: SRX12868714
2026-04-21 10:42:37 INFO Fetching experiment context for accession: SRX24073315
2026-04-21 10:42:47 INFO Fetching PubMed abstracts for PMIDs: ['40279421']
2026-04-21 10:42:48 INFO Fetching experiment context for accession: SRX24073303
2026-04-21 10:42:58 INFO Fetching PubMed abstracts for PMIDs: ['40279421']
2026-04-21 10:42:59 INFO Fetching experiment context for accession: SRX14891764
2026-04-21 10:43:01 INFO Fetching PubMed abstracts for PMIDs: ['41704746', '37488117']
2026-04-21 10:43:02 INFO Fetching experiment context for accession: SRX24073302
2026-04-21 10:43:03 INFO Fetching PubMed abstracts for PMIDs: ['40279421']
2026-04-21 10:43:04 INFO Fetching experiment context for accession: SRX24073324
2026-04-21 10:43:06 INFO Fetching PubMed abstracts for PMIDs: ['40279421']
2026-04-21 10:43:08 INFO Fetching experiment context for accession: SRX24073304
2026-04-21 10:43:09 INFO Fetching PubMed abstracts for PMIDs: ['40279421']
2026-04-21 10:43:10 INFO Fetching experiment context for accession: SRX14891759
2026-04-21 10:43:12 INFO Fetching PubMed abstracts for PMIDs: ['41704746', '37488117']
2026-04-21 10:43:13 INFO Fetching experiment context for accession: SRX17150750
2026-04-21 10:43:14 INFO Fetching experiment context for accession: SRX24073314
2026-04-21 10:43:25 INFO Fetching PubMed abstracts for PMIDs: ['40279421']
2026-04-21 10:43:26 INFO Fetching experiment context for accession: SRX24073325
2026-04-21 10:43:36 INFO Fetching PubMed abstracts for PMIDs: ['40279421']
2026-04-21 10:43:37 INFO Fetching experiment context for accession: SRX15263316
2026-04-21 10:43:39 INFO Fetching PubMed abstracts for PMIDs: ['36918693']
2026-04-21 10:43:40 INFO Fetching experiment context for accession: SRX24073312
2026-04-21 10:43:50 INFO Fetching PubMed abstracts for PMIDs: ['40279421']
2026-04-21 10:43:51 INFO Fetching experiment context for accession: SRX24073318
2026-04-21 10:43:52 INFO Fetching PubMed abstracts for PMIDs: ['40279421']
2026-04-21 10:43:53 INFO Fetching experiment context for accession: SRX16217017
2026-04-21 10:43:55 INFO Fetching PubMed abstracts for PMIDs: ['36319064']
2026-04-21 10:43:56 INFO Fetching experiment context for accession: SRX24073319
2026-04-21 10:44:06 INFO Fetching PubMed abstracts for PMIDs: ['40279421']
2026-04-21 10:44:07 INFO Fetching experiment context for accession: SRX16217006
2026-04-21 10:44:09 INFO Fetching PubMed abstracts for PMIDs: ['36319064']
2026-04-21 10:44:09 INFO Fetching experiment context for accession: SRX16217004
2026-04-21 10:44:11 INFO Fetching PubMed abstracts for PMIDs: ['36319064']
2026-04-21 10:44:12 INFO Fetching experiment context for accession: SRX16217013
2026-04-21 10:44:13 INFO Fetching PubMed abstracts for PMIDs: ['36319064']
2026-04-21 10:44:14 INFO Fetching experiment context for accession: SRX24073307
2026-04-21 10:44:16 INFO Fetching PubMed abstracts for PMIDs: ['40279421']
2026-04-21 10:44:17 INFO Fetching experiment context for accession: SRX14891761
2026-04-21 10:44:19 INFO Fetching PubMed abstracts for PMIDs: ['41704746', '37488117']
2026-04-21 10:44:19 INFO Fetching experiment context for accession: SRX17150749
2026-04-21 10:44:21 INFO Fetching experiment context for accession: SRX16217015
2026-04-21 10:44:23 INFO Fetching PubMed abstracts for PMIDs: ['36319064']
2026-04-21 10:44:24 INFO Fetching experiment context for accession: SRX18248068
2026-04-21 10:44:25 INFO Fetching experiment context for accession: SRX18248066
2026-04-21 10:44:27 INFO Fetching experiment context for accession: SRX18248065
2026-04-21 10:44:29 INFO Fetching experiment context for accession: SRX18248062
2026-04-21 10:44:30 INFO Fetching experiment context for accession: SRX18248064
2026-04-21 10:44:32 INFO Fetching experiment context for accession: SRX15263318
2026-04-21 10:44:33 INFO Fetching PubMed abstracts for PMIDs: ['36918693']
2026-04-21 10:44:34 INFO Fetching experiment context for accession: SRX18248063
2026-04-21 10:44:36 INFO Fetching experiment context for accession: SRX14891765
2026-04-21 10:44:38 INFO Fetching PubMed abstracts for PMIDs: ['41704746', '37488117']
2026-04-21 10:44:39 INFO Fetching experiment context for accession: SRX16217002
2026-04-21 10:44:40 INFO Fetching PubMed abstracts for PMIDs: ['36319064']
2026-04-21 10:44:41 INFO Fetching experiment context for accession: SRX14891767
2026-04-21 10:44:43 INFO Fetching PubMed abstracts for PMIDs: ['41704746', '37488117']
2026-04-21 10:44:44 INFO Fetching experiment context for accession: SRX15263315
2026-04-21 10:44:45 INFO Fetching PubMed abstracts for PMIDs: ['36918693']
2026-04-21 10:44:46 INFO Fetching experiment context for accession: SRX12868715
2026-04-21 10:44:48 INFO Fetching experiment context for accession: SRX12868717
2026-04-21 10:44:50 INFO Fetching experiment context for accession: SRX17035589
2026-04-21 10:44:51 INFO Fetching PubMed abstracts for PMIDs: ['36206353']
2026-04-21 10:44:52 INFO Fetching experiment context for accession: SRX17137139
2026-04-21 10:44:54 INFO Fetching experiment context for accession: ERX4409913
2026-04-21 10:44:56 INFO Fetching experiment context for accession: SRX16217012
2026-04-21 10:44:57 INFO Fetching PubMed abstracts for PMIDs: ['36319064']
2026-04-21 10:44:58 INFO Fetching experiment context for accession: SRX14891769
2026-04-21 10:45:00 INFO Fetching PubMed abstracts for PMIDs: ['41704746', '37488117']
2026-04-21 10:45:01 INFO Fetching experiment context for accession: SRX16217003
2026-04-21 10:45:02 INFO Fetching PubMed abstracts for PMIDs: ['36319064']
2026-04-21 10:45:03 INFO Fetching experiment context for accession: SRX16217007
2026-04-21 10:45:05 INFO Fetching PubMed abstracts for PMIDs: ['36319064']
2026-04-21 10:45:06 INFO Fetching experiment context for accession: SRX16217010
2026-04-21 10:45:08 INFO Fetching PubMed abstracts for PMIDs: ['36319064']
2026-04-21 10:45:08 INFO Fetching experiment context for accession: SRX12868713
2026-04-21 10:45:10 INFO Fetching experiment context for accession: SRX12868721
2026-04-21 10:45:12 INFO Fetching experiment context for accession: SRX15263317
2026-04-21 10:45:13 INFO Fetching PubMed abstracts for PMIDs: ['36918693']
2026-04-21 10:45:14 INFO Fetching experiment context for accession: SRX12868712
2026-04-21 10:45:16 INFO Fetching experiment context for accession: SRX18965979
2026-04-21 10:45:17 INFO Fetching experiment context for accession: SRX14891760
2026-04-21 10:45:19 INFO Fetching PubMed abstracts for PMIDs: ['41704746', '37488117']
2026-04-21 10:45:20 INFO Fetching experiment context for accession: SRX12868719
2026-04-21 10:45:22 INFO Fetching experiment context for accession: SRX14891762
2026-04-21 10:45:24 INFO Fetching PubMed abstracts for PMIDs: ['41704746', '37488117']
2026-04-21 10:45:24 INFO Fetching experiment context for accession: SRX19215444
2026-04-21 10:45:26 INFO Fetching PubMed abstracts for PMIDs: ['38046273']
2026-04-21 10:45:27 INFO Fetching experiment context for accession: SRX19264641
2026-04-21 10:45:29 INFO Fetching PubMed abstracts for PMIDs: ['39695233']
2026-04-21 10:45:29 INFO Fetching experiment context for accession: SRX19704127
2026-04-21 10:45:31 INFO Fetching PubMed abstracts for PMIDs: ['36993211', '38548990']
2026-04-21 10:45:32 INFO Fetching experiment context for accession: SRX19704147
2026-04-21 10:45:34 INFO Fetching PubMed abstracts for PMIDs: ['36993211', '38548990']
2026-04-21 10:45:34 INFO Fetching experiment context for accession: SRX19704149
2026-04-21 10:45:36 INFO Fetching PubMed abstracts for PMIDs: ['36993211', '38548990']
2026-04-21 10:45:37 INFO Fetching experiment context for accession: SRX19704169
2026-04-21 10:45:39 INFO Fetching PubMed abstracts for PMIDs: ['36993211', '38548990']
2026-04-21 10:45:39 INFO Fetching experiment context for accession: SRX19704128
2026-04-21 10:45:41 INFO Fetching PubMed abstracts for PMIDs: ['36993211', '38548990']
2026-04-21 10:45:42 INFO Fetching experiment context for accession: SRX19704148
2026-04-21 10:45:44 INFO Fetching PubMed abstracts for PMIDs: ['36993211', '38548990']
2026-04-21 10:45:45 INFO Fetching experiment context for accession: SRX19704188
2026-04-21 10:45:46 INFO Fetching PubMed abstracts for PMIDs: ['36993211', '38548990']
2026-04-21 10:45:47 INFO Fetching experiment context for accession: SRX19704159
2026-04-21 10:45:49 INFO Fetching PubMed abstracts for PMIDs: ['36993211', '38548990']
2026-04-21 10:45:50 INFO Fetching experiment context for accession: SRX19704164
2026-04-21 10:45:51 INFO Fetching PubMed abstracts for PMIDs: ['36993211', '38548990']
2026-04-21 10:45:52 INFO Fetching experiment context for accession: SRX19704166
2026-04-21 10:45:54 INFO Fetching PubMed abstracts for PMIDs: ['36993211', '38548990']
2026-04-21 10:45:55 INFO Fetching experiment context for accession: SRX19730968
2026-04-21 10:45:56 INFO Fetching PubMed abstracts for PMIDs: ['39236156', '37418548']
2026-04-21 10:45:57 INFO Fetching experiment context for accession: SRX19704139
2026-04-21 10:45:59 INFO Fetching PubMed abstracts for PMIDs: ['36993211', '38548990']
2026-04-21 10:46:00 INFO Fetching experiment context for accession: SRX19704165
2026-04-21 10:46:01 INFO Fetching PubMed abstracts for PMIDs: ['36993211', '38548990']
2026-04-21 10:46:02 INFO Fetching experiment context for accession: SRX19704156
2026-04-21 10:46:04 INFO Fetching PubMed abstracts for PMIDs: ['36993211', '38548990']
2026-04-21 10:46:04 INFO Fetching experiment context for accession: SRX19704157
2026-04-21 10:46:06 INFO Fetching PubMed abstracts for PMIDs: ['36993211', '38548990']
2026-04-21 10:46:07 INFO Fetching experiment context for accession: SRX19704170
2026-04-21 10:46:09 INFO Fetching PubMed abstracts for PMIDs: ['36993211', '38548990']
2026-04-21 10:46:10 INFO Fetching experiment context for accession: SRX19730933
2026-04-21 10:46:11 INFO Fetching PubMed abstracts for PMIDs: ['39236156', '37418548']
2026-04-21 10:46:12 INFO Fetching experiment context for accession: SRX19704142
2026-04-21 10:46:14 INFO Fetching PubMed abstracts for PMIDs: ['36993211', '38548990']
2026-04-21 10:46:15 INFO Fetching experiment context for accession: SRX19704160
2026-04-21 10:46:16 INFO Fetching PubMed abstracts for PMIDs: ['36993211', '38548990']
2026-04-21 10:46:17 INFO Fetching experiment context for accession: SRX19704197
2026-04-21 10:46:19 INFO Fetching PubMed abstracts for PMIDs: ['36993211', '38548990']
2026-04-21 10:46:20 INFO Fetching experiment context for accession: SRX19704162
2026-04-21 10:46:21 INFO Fetching PubMed abstracts for PMIDs: ['36993211', '38548990']
2026-04-21 10:46:22 INFO Fetching experiment context for accession: SRX19727425
2026-04-21 10:46:24 INFO Fetching PubMed abstracts for PMIDs: ['37215140']
2026-04-21 10:46:25 INFO Fetching experiment context for accession: SRX19727434
2026-04-21 10:46:27 INFO Fetching PubMed abstracts for PMIDs: ['37215140']
2026-04-21 10:46:27 INFO Fetching experiment context for accession: SRX19727429
2026-04-21 10:46:29 INFO Fetching PubMed abstracts for PMIDs: ['37215140']
2026-04-21 10:46:30 INFO Fetching experiment context for accession: SRX19727435
2026-04-21 10:46:32 INFO Fetching PubMed abstracts for PMIDs: ['37215140']
2026-04-21 10:46:33 INFO Fetching experiment context for accession: SRX19730934
2026-04-21 10:46:34 INFO Fetching PubMed abstracts for PMIDs: ['39236156', '37418548']
2026-04-21 10:46:35 INFO Fetching experiment context for accession: SRX19704196
2026-04-21 10:46:37 INFO Fetching PubMed abstracts for PMIDs: ['36993211', '38548990']
2026-04-21 10:46:38 INFO Fetching experiment context for accession: SRX19704179
2026-04-21 10:46:39 INFO Fetching PubMed abstracts for PMIDs: ['36993211', '38548990']
2026-04-21 10:46:40 INFO Fetching experiment context for accession: SRX19727431
2026-04-21 10:46:42 INFO Fetching PubMed abstracts for PMIDs: ['37215140']
2026-04-21 10:46:43 INFO Fetching experiment context for accession: SRX19704180
2026-04-21 10:46:44 INFO Fetching PubMed abstracts for PMIDs: ['36993211', '38548990']
2026-04-21 10:46:45 INFO Fetching experiment context for accession: SRX19727428
2026-04-21 10:46:47 INFO Fetching PubMed abstracts for PMIDs: ['37215140']
2026-04-21 10:46:48 INFO Fetching experiment context for accession: SRX19704171
2026-04-21 10:46:49 INFO Fetching PubMed abstracts for PMIDs: ['36993211', '38548990']
2026-04-21 10:46:50 INFO Fetching experiment context for accession: SRX19704186
2026-04-21 10:46:52 INFO Fetching PubMed abstracts for PMIDs: ['36993211', '38548990']
2026-04-21 10:46:53 INFO Fetching experiment context for accession: SRX19704181
2026-04-21 10:46:55 INFO Fetching PubMed abstracts for PMIDs: ['36993211', '38548990']
2026-04-21 10:46:56 INFO Fetching experiment context for accession: SRX19844846
2026-04-21 10:46:57 INFO Fetching PubMed abstracts for PMIDs: ['36993211', '38548990']
2026-04-21 10:46:58 INFO Fetching experiment context for accession: SRX19844825
2026-04-21 10:47:00 INFO Fetching PubMed abstracts for PMIDs: ['36993211', '38548990']
2026-04-21 10:47:01 INFO Fetching experiment context for accession: SRX19844838
2026-04-21 10:47:02 INFO Fetching PubMed abstracts for PMIDs: ['36993211', '38548990']
2026-04-21 10:47:03 INFO Fetching experiment context for accession: SRX19844819
2026-04-21 10:47:05 INFO Fetching PubMed abstracts for PMIDs: ['36993211', '38548990']
2026-04-21 10:47:06 INFO Fetching experiment context for accession: SRX19844818
2026-04-21 10:47:07 INFO Fetching PubMed abstracts for PMIDs: ['36993211', '38548990']
2026-04-21 10:47:08 INFO Fetching experiment context for accession: SRX19844821
2026-04-21 10:47:10 INFO Fetching PubMed abstracts for PMIDs: ['36993211', '38548990']
2026-04-21 10:47:11 INFO Fetching experiment context for accession: SRX19844832
2026-04-21 10:47:12 INFO Fetching PubMed abstracts for PMIDs: ['36993211', '38548990']
2026-04-21 10:47:13 INFO Fetching experiment context for accession: SRX14891756
2026-04-21 10:47:15 INFO Fetching PubMed abstracts for PMIDs: ['41704746', '37488117']
2026-04-21 10:47:16 INFO Fetching experiment context for accession: SRX19836244
2026-04-21 10:47:18 INFO Fetching PubMed abstracts for PMIDs: ['36099047']
2026-04-21 10:47:18 INFO Fetching experiment context for accession: SRX19844837
2026-04-21 10:47:20 INFO Fetching PubMed abstracts for PMIDs: ['36993211', '38548990']
2026-04-21 10:47:21 INFO Fetching experiment context for accession: SRX19844835
2026-04-21 10:47:23 INFO Fetching PubMed abstracts for PMIDs: ['36993211', '38548990']
2026-04-21 10:47:24 INFO Fetching experiment context for accession: SRX19844836
2026-04-21 10:47:25 INFO Fetching PubMed abstracts for PMIDs: ['36993211', '38548990']
2026-04-21 10:47:26 INFO Fetching experiment context for accession: SRX19844823
2026-04-21 10:47:28 INFO Fetching PubMed abstracts for PMIDs: ['36993211', '38548990']
2026-04-21 10:47:29 INFO Fetching experiment context for accession: SRX19844822
2026-04-21 10:47:30 INFO Fetching PubMed abstracts for PMIDs: ['36993211', '38548990']
2026-04-21 10:47:32 INFO Fetching experiment context for accession: SRX19886046
2026-04-21 10:47:34 INFO Fetching experiment context for accession: SRX19886045
2026-04-21 10:47:35 INFO Fetching experiment context for accession: SRX19886027
2026-04-21 10:47:37 INFO Fetching experiment context for accession: SRX19844848
2026-04-21 10:47:38 INFO Fetching PubMed abstracts for PMIDs: ['36993211', '38548990']
2026-04-21 10:47:39 INFO Fetching experiment context for accession: SRX19844828
2026-04-21 10:47:41 INFO Fetching PubMed abstracts for PMIDs: ['36993211', '38548990']
2026-04-21 10:47:42 INFO Fetching experiment context for accession: SRX19886023
2026-04-21 10:47:43 INFO Fetching experiment context for accession: SRX19886022
2026-04-21 10:47:45 INFO Fetching experiment context for accession: SRX19886031
2026-04-21 10:47:47 INFO Fetching experiment context for accession: SRX19886040
2026-04-21 10:47:48 INFO Fetching experiment context for accession: SRX19886029
2026-04-21 10:47:50 INFO Fetching experiment context for accession: SRX19886042
2026-04-21 10:47:51 INFO Fetching experiment context for accession: SRX19886039
2026-04-21 10:47:53 INFO Fetching experiment context for accession: SRX19886037
2026-04-21 10:47:55 INFO Fetching experiment context for accession: SRX19886035
2026-04-21 10:47:56 INFO Fetching experiment context for accession: SRX19886050
2026-04-21 10:47:58 INFO Fetching experiment context for accession: SRX19886034
2026-04-21 10:47:59 INFO Fetching experiment context for accession: SRX19844824
2026-04-21 10:48:01 INFO Fetching PubMed abstracts for PMIDs: ['36993211', '38548990']
2026-04-21 10:48:02 INFO Fetching experiment context for accession: SRX19886049
2026-04-21 10:48:03 INFO Fetching experiment context for accession: SRX19704152
2026-04-21 10:48:05 INFO Fetching PubMed abstracts for PMIDs: ['36993211', '38548990']
2026-04-21 10:48:06 INFO Fetching experiment context for accession: SRX20407494
2026-04-21 10:48:07 INFO Fetching experiment context for accession: SRX20407493
2026-04-21 10:48:09 INFO Fetching experiment context for accession: SRX20407497
2026-04-21 10:48:10 INFO Fetching experiment context for accession: SRX20407499
2026-04-21 10:48:12 INFO Fetching experiment context for accession: SRX19704193
2026-04-21 10:48:14 INFO Fetching PubMed abstracts for PMIDs: ['36993211', '38548990']
2026-04-21 10:48:14 INFO Fetching experiment context for accession: SRX19727433
2026-04-21 10:48:16 INFO Fetching PubMed abstracts for PMIDs: ['37215140']
2026-04-21 10:48:17 INFO Fetching experiment context for accession: SRX19727432
2026-04-21 10:48:20 INFO Fetching PubMed abstracts for PMIDs: ['37215140']
2026-04-21 10:48:20 INFO Fetching experiment context for accession: SRX19727426
2026-04-21 10:48:22 INFO Fetching PubMed abstracts for PMIDs: ['37215140']
2026-04-21 10:48:23 INFO Fetching experiment context for accession: SRX19704145
2026-04-21 10:48:25 INFO Fetching PubMed abstracts for PMIDs: ['36993211', '38548990']
2026-04-21 10:48:25 INFO Fetching experiment context for accession: SRX19704143
2026-04-21 10:48:27 INFO Fetching PubMed abstracts for PMIDs: ['36993211', '38548990']
2026-04-21 10:48:28 INFO Fetching experiment context for accession: SRX19704194
2026-04-21 10:48:30 INFO Fetching PubMed abstracts for PMIDs: ['36993211', '38548990']
2026-04-21 10:48:31 INFO Fetching experiment context for accession: SRX19704144
2026-04-21 10:48:32 INFO Fetching PubMed abstracts for PMIDs: ['36993211', '38548990']
2026-04-21 10:48:33 INFO Fetching experiment context for accession: SRX20970826
2026-04-21 10:48:35 INFO Fetching experiment context for accession: SRX20612052
2026-04-21 10:48:37 INFO Fetching PubMed abstracts for PMIDs: ['38641734']
2026-04-21 10:48:37 INFO Fetching experiment context for accession: SRX21808827
2026-04-21 10:48:39 INFO Fetching PubMed abstracts for PMIDs: ['38212075']
2026-04-21 10:48:40 INFO Fetching experiment context for accession: SRX24275202
2026-04-21 10:48:42 INFO Fetching experiment context for accession: SRX22130035
2026-04-21 10:48:43 INFO Fetching PubMed abstracts for PMIDs: ['39994483']
2026-04-21 10:48:44 INFO Fetching experiment context for accession: SRX21897876
2026-04-21 10:48:46 INFO Fetching PubMed abstracts for PMIDs: ['37934001']
2026-04-21 10:48:47 INFO Fetching experiment context for accession: SRX21808834
2026-04-21 10:48:48 INFO Fetching PubMed abstracts for PMIDs: ['38212075']
2026-04-21 10:48:49 INFO Fetching experiment context for accession: SRX22478206
2026-04-21 10:49:00 INFO Fetching PubMed abstracts for PMIDs: ['39966375']
2026-04-21 10:49:00 INFO Fetching experiment context for accession: SRX21203377
2026-04-21 10:49:02 INFO Fetching PubMed abstracts for PMIDs: ['38980870']
2026-04-21 10:49:03 INFO Fetching experiment context for accession: SRX22836420
2026-04-21 10:49:04 INFO Fetching PubMed abstracts for PMIDs: ['38552631']
2026-04-21 10:49:05 INFO Fetching experiment context for accession: SRX22226494
2026-04-21 10:49:07 INFO Fetching PubMed abstracts for PMIDs: ['39083602']
2026-04-21 10:49:08 INFO Fetching experiment context for accession: SRX22226496
2026-04-21 10:49:09 INFO Fetching PubMed abstracts for PMIDs: ['39083602']
2026-04-21 10:49:10 INFO Fetching experiment context for accession: SRX22226498
2026-04-21 10:49:12 INFO Fetching PubMed abstracts for PMIDs: ['39083602']
2026-04-21 10:49:13 INFO Fetching experiment context for accession: SRX22226500
2026-04-21 10:49:14 INFO Fetching PubMed abstracts for PMIDs: ['39083602']
2026-04-21 10:49:15 INFO Fetching experiment context for accession: SRX22226492
2026-04-21 10:49:17 INFO Fetching PubMed abstracts for PMIDs: ['39083602']
2026-04-21 10:49:17 INFO Fetching experiment context for accession: SRX23331468
2026-04-21 10:49:19 INFO Fetching PubMed abstracts for PMIDs: ['38607917']
2026-04-21 10:49:20 INFO Fetching experiment context for accession: SRX22996311
2026-04-21 10:49:22 INFO Fetching experiment context for accession: SRX22996313
2026-04-21 10:49:23 INFO Fetching experiment context for accession: SRX22996364
2026-04-21 10:49:25 INFO Fetching experiment context for accession: SRX23331472
2026-04-21 10:49:27 INFO Fetching PubMed abstracts for PMIDs: ['38607917']
2026-04-21 10:49:27 INFO Fetching experiment context for accession: SRX22996380
2026-04-21 10:49:29 INFO Fetching experiment context for accession: SRX22996391
2026-04-21 10:49:31 INFO Fetching experiment context for accession: SRX22996381
2026-04-21 10:49:32 INFO Fetching experiment context for accession: SRX22996393
2026-04-21 10:49:34 INFO Fetching experiment context for accession: SRX22996361
2026-04-21 10:49:36 INFO Fetching experiment context for accession: SRX22996397
2026-04-21 10:49:37 INFO Fetching experiment context for accession: SRX22996353
2026-04-21 10:49:39 INFO Fetching experiment context for accession: SRX22996363
2026-04-21 10:49:40 INFO Fetching experiment context for accession: SRX23395179
2026-04-21 10:49:42 INFO Fetching PubMed abstracts for PMIDs: ['39780400']
2026-04-21 10:49:43 INFO Fetching experiment context for accession: SRX22996354
2026-04-21 10:49:45 INFO Fetching experiment context for accession: SRX23331471
2026-04-21 10:49:47 INFO Fetching PubMed abstracts for PMIDs: ['38607917']
2026-04-21 10:49:47 INFO Fetching experiment context for accession: SRX23395191
2026-04-21 10:49:49 INFO Fetching PubMed abstracts for PMIDs: ['39780400']
2026-04-21 10:49:50 INFO Fetching experiment context for accession: SRX22996368
2026-04-21 10:49:52 INFO Fetching experiment context for accession: SRX23395185
2026-04-21 10:49:53 INFO Fetching PubMed abstracts for PMIDs: ['39780400']
2026-04-21 10:49:54 INFO Fetching experiment context for accession: SRX22996367
2026-04-21 10:49:56 INFO Fetching experiment context for accession: SRX21256826
2026-04-21 10:49:58 INFO Fetching PubMed abstracts for PMIDs: ['37729426']
2026-04-21 10:49:58 INFO Fetching experiment context for accession: SRX22996349
2026-04-21 10:50:00 INFO Fetching experiment context for accession: SRX22996345
2026-04-21 10:50:02 INFO Fetching experiment context for accession: SRX22996347
2026-04-21 10:50:03 INFO Fetching experiment context for accession: SRX23395192
2026-04-21 10:50:05 INFO Fetching PubMed abstracts for PMIDs: ['39780400']
2026-04-21 10:50:06 INFO Fetching experiment context for accession: SRX22996371
2026-04-21 10:50:08 INFO Fetching experiment context for accession: SRX22996376
2026-04-21 10:50:09 INFO Fetching experiment context for accession: SRX22996395
2026-04-21 10:50:11 INFO Fetching experiment context for accession: SRX22996394
2026-04-21 10:50:13 INFO Fetching experiment context for accession: SRX22996358
2026-04-21 10:50:14 INFO Fetching experiment context for accession: SRX22996359
2026-04-21 10:50:16 INFO Fetching experiment context for accession: SRX22996355
2026-04-21 10:50:17 INFO Fetching experiment context for accession: SRX22996365
2026-04-21 10:50:19 INFO Fetching experiment context for accession: SRX23331463
2026-04-21 10:50:21 INFO Fetching PubMed abstracts for PMIDs: ['38607917']
2026-04-21 10:50:22 INFO Fetching experiment context for accession: SRX23395188
2026-04-21 10:50:23 INFO Fetching PubMed abstracts for PMIDs: ['39780400']
2026-04-21 10:50:24 INFO Fetching experiment context for accession: SRX22996337
2026-04-21 10:50:26 INFO Fetching experiment context for accession: SRX23395184
2026-04-21 10:50:28 INFO Fetching PubMed abstracts for PMIDs: ['39780400']
2026-04-21 10:50:29 INFO Fetching experiment context for accession: SRX22996387
2026-04-21 10:50:30 INFO Fetching experiment context for accession: SRX22996386
2026-04-21 10:50:32 INFO Fetching experiment context for accession: SRX17412852
2026-04-21 10:50:34 INFO Fetching PubMed abstracts for PMIDs: ['35887096', '35930670', '32832599']
2026-04-21 10:50:35 INFO Fetching experiment context for accession: SRX25038161
2026-04-21 10:50:36 INFO Fetching experiment context for accession: SRX25038162
2026-04-21 10:50:38 INFO Fetching experiment context for accession: SRX25038164
2026-04-21 10:50:40 INFO Fetching experiment context for accession: SRX25038165
2026-04-21 10:50:41 INFO Fetching experiment context for accession: SRX25038167
2026-04-21 10:50:43 INFO Fetching experiment context for accession: SRX25038169
2026-04-21 10:50:44 INFO Fetching experiment context for accession: SRX25038171
2026-04-21 10:50:46 INFO Fetching experiment context for accession: SRX24841614
2026-04-21 10:50:48 INFO Fetching PubMed abstracts for PMIDs: ['39356793']
2026-04-21 10:50:49 INFO Fetching experiment context for accession: SRX24841615
2026-04-21 10:50:50 INFO Fetching PubMed abstracts for PMIDs: ['39356793']
2026-04-21 10:50:51 INFO Fetching experiment context for accession: ERX11876759
2026-04-21 10:50:53 INFO Fetching experiment context for accession: SRX22996330
2026-04-21 10:50:54 INFO Fetching experiment context for accession: SRX22996327
2026-04-21 10:50:56 INFO Fetching experiment context for accession: SRX22996315
2026-04-21 10:50:58 INFO Fetching experiment context for accession: SRX22996342
2026-04-21 10:50:59 INFO Fetching experiment context for accession: SRX22996319
2026-04-21 10:51:01 INFO Fetching experiment context for accession: SRX22996318
2026-04-21 10:51:02 INFO Fetching experiment context for accession: SRX22996338
2026-04-21 10:51:04 INFO Fetching experiment context for accession: SRX26487585
2026-04-21 10:51:05 INFO Fetching PubMed abstracts for PMIDs: ['39545922']
2026-04-21 10:51:06 INFO Fetching experiment context for accession: SRX26487593
2026-04-21 10:51:08 INFO Fetching PubMed abstracts for PMIDs: ['39545922']
2026-04-21 10:51:09 INFO Fetching experiment context for accession: SRX26487581
2026-04-21 10:51:10 INFO Fetching PubMed abstracts for PMIDs: ['39545922']
2026-04-21 10:51:11 INFO Fetching experiment context for accession: SRX25318272
2026-04-21 10:51:13 INFO Fetching PubMed abstracts for PMIDs: ['39252969']
2026-04-21 10:51:13 INFO Fetching experiment context for accession: SRX26487595
2026-04-21 10:51:15 INFO Fetching PubMed abstracts for PMIDs: ['39545922']
2026-04-21 10:51:16 INFO Fetching experiment context for accession: SRX26487569
2026-04-21 10:51:17 INFO Fetching PubMed abstracts for PMIDs: ['39545922']
2026-04-21 10:51:18 INFO Fetching experiment context for accession: SRX26487586
2026-04-21 10:51:20 INFO Fetching PubMed abstracts for PMIDs: ['39545922']
2026-04-21 10:51:20 INFO Fetching experiment context for accession: SRX26487598
2026-04-21 10:51:22 INFO Fetching PubMed abstracts for PMIDs: ['39545922']
2026-04-21 10:51:23 INFO Fetching experiment context for accession: SRX26487582
2026-04-21 10:51:24 INFO Fetching PubMed abstracts for PMIDs: ['39545922']
2026-04-21 10:51:25 INFO Fetching experiment context for accession: SRX24841617
2026-04-21 10:51:27 INFO Fetching PubMed abstracts for PMIDs: ['39356793']
2026-04-21 10:51:28 INFO Fetching experiment context for accession: SRX26487573
2026-04-21 10:51:29 INFO Fetching PubMed abstracts for PMIDs: ['39545922']
2026-04-21 10:51:30 INFO Fetching experiment context for accession: SRX24841618
2026-04-21 10:51:32 INFO Fetching PubMed abstracts for PMIDs: ['39356793']
2026-04-21 10:51:32 INFO Fetching experiment context for accession: SRX26487568
2026-04-21 10:51:34 INFO Fetching PubMed abstracts for PMIDs: ['39545922']
2026-04-21 10:51:35 INFO Fetching experiment context for accession: SRX26487584
2026-04-21 10:51:36 INFO Fetching PubMed abstracts for PMIDs: ['39545922']
2026-04-21 10:51:37 INFO Fetching experiment context for accession: SRX26487587
2026-04-21 10:51:39 INFO Fetching PubMed abstracts for PMIDs: ['39545922']
2026-04-21 10:51:40 INFO Fetching experiment context for accession: SRX26487562
2026-04-21 10:51:41 INFO Fetching PubMed abstracts for PMIDs: ['39545922']
2026-04-21 10:51:42 INFO Fetching experiment context for accession: SRX26487592
2026-04-21 10:51:43 INFO Fetching PubMed abstracts for PMIDs: ['39545922']
2026-04-21 10:51:44 INFO Fetching experiment context for accession: SRX26487594
2026-04-21 10:51:46 INFO Fetching PubMed abstracts for PMIDs: ['39545922']
2026-04-21 10:51:47 INFO Fetching experiment context for accession: SRX11143430
2026-04-21 10:51:48 INFO Fetching PubMed abstracts for PMIDs: ['34381210']
2026-04-21 10:51:49 INFO Fetching experiment context for accession: SRX10957183
2026-04-21 10:51:50 INFO Fetching PubMed abstracts for PMIDs: ['36509758']
2026-04-21 10:51:51 INFO Fetching experiment context for accession: SRX11987912
2026-04-21 10:51:53 INFO Fetching PubMed abstracts for PMIDs: ['36027053']
2026-04-21 10:51:54 INFO Fetching experiment context for accession: SRX12571167
2026-04-21 10:51:56 INFO Fetching PubMed abstracts for PMIDs: ['35285873']
2026-04-21 10:51:56 INFO Fetching experiment context for accession: ERX11876752
2026-04-21 10:51:58 INFO Fetching experiment context for accession: SRX11987906
2026-04-21 10:52:00 INFO Fetching PubMed abstracts for PMIDs: ['36027053']
2026-04-21 10:52:01 INFO Fetching experiment context for accession: SRX12571169
2026-04-21 10:52:02 INFO Fetching PubMed abstracts for PMIDs: ['35285873']
2026-04-21 10:52:03 INFO Fetching experiment context for accession: SRX12708374
2026-04-21 10:52:05 INFO Fetching PubMed abstracts for PMIDs: ['36399523']
2026-04-21 10:52:05 INFO Fetching experiment context for accession: SRX12708376
2026-04-21 10:52:07 INFO Fetching PubMed abstracts for PMIDs: ['36399523']
2026-04-21 10:52:08 INFO Fetching experiment context for accession: SRX11987908
2026-04-21 10:52:09 INFO Fetching PubMed abstracts for PMIDs: ['36027053']
2026-04-21 10:52:10 INFO Fetching experiment context for accession: SRX11143423
2026-04-21 10:52:12 INFO Fetching PubMed abstracts for PMIDs: ['34381210']
2026-04-21 10:52:13 INFO Fetching experiment context for accession: SRX12708356
2026-04-21 10:52:14 INFO Fetching PubMed abstracts for PMIDs: ['36399523']
2026-04-21 10:52:16 INFO Fetching experiment context for accession: SRX13061245
2026-04-21 10:52:17 INFO Fetching PubMed abstracts for PMIDs: ['34793243']
2026-04-21 10:52:18 INFO Fetching experiment context for accession: SRX11515852
2026-04-21 10:52:20 INFO Fetching PubMed abstracts for PMIDs: ['34873589']
2026-04-21 10:52:20 INFO Fetching experiment context for accession: SRX11987902
2026-04-21 10:52:22 INFO Fetching PubMed abstracts for PMIDs: ['36027053']
2026-04-21 10:52:23 INFO Fetching experiment context for accession: SRX11987892
2026-04-21 10:52:25 INFO Fetching PubMed abstracts for PMIDs: ['36027053']
2026-04-21 10:52:25 INFO Fetching experiment context for accession: SRX11987909
2026-04-21 10:52:27 INFO Fetching PubMed abstracts for PMIDs: ['36027053']
2026-04-21 10:52:28 INFO Fetching experiment context for accession: SRX12285822
2026-04-21 10:52:30 INFO Fetching PubMed abstracts for PMIDs: ['34523966']
2026-04-21 10:52:31 INFO Fetching experiment context for accession: SRX11438989
2026-04-21 10:52:32 INFO Fetching PubMed abstracts for PMIDs: ['35421379']
2026-04-21 10:52:33 INFO Fetching experiment context for accession: SRX13198728
2026-04-21 10:52:35 INFO Fetching PubMed abstracts for PMIDs: ['36434043']
2026-04-21 10:52:35 INFO Fetching experiment context for accession: SRX13198725
2026-04-21 10:52:37 INFO Fetching PubMed abstracts for PMIDs: ['36434043']
2026-04-21 10:52:38 INFO Fetching experiment context for accession: SRX13198724
2026-04-21 10:52:39 INFO Fetching PubMed abstracts for PMIDs: ['36434043']
2026-04-21 10:52:40 INFO Fetching experiment context for accession: SRX13198727
2026-04-21 10:52:42 INFO Fetching PubMed abstracts for PMIDs: ['36434043']
2026-04-21 10:52:43 INFO Fetching experiment context for accession: SRX13198726
2026-04-21 10:52:44 INFO Fetching PubMed abstracts for PMIDs: ['36434043']
2026-04-21 10:52:45 INFO Fetching experiment context for accession: SRX13198730
2026-04-21 10:52:47 INFO Fetching PubMed abstracts for PMIDs: ['36434043']
2026-04-21 10:52:47 INFO Fetching experiment context for accession: SRX13198732
2026-04-21 10:52:49 INFO Fetching PubMed abstracts for PMIDs: ['36434043']
2026-04-21 10:52:50 INFO Fetching experiment context for accession: SRX13198729
2026-04-21 10:52:51 INFO Fetching PubMed abstracts for PMIDs: ['36434043']
2026-04-21 10:52:52 INFO Fetching experiment context for accession: SRX11515828
2026-04-21 10:52:53 INFO Fetching PubMed abstracts for PMIDs: ['34873589']
2026-04-21 10:52:54 INFO Fetching experiment context for accession: SRX11438984
2026-04-21 10:52:56 INFO Fetching PubMed abstracts for PMIDs: ['35421379']
2026-04-21 10:52:57 INFO Fetching experiment context for accession: SRX13325103
2026-04-21 10:52:58 INFO Fetching PubMed abstracts for PMIDs: ['36028490']
2026-04-21 10:52:59 INFO Fetching experiment context for accession: SRX11987904
2026-04-21 10:53:01 INFO Fetching PubMed abstracts for PMIDs: ['36027053']
2026-04-21 10:53:02 INFO Fetching experiment context for accession: SRX11438987
2026-04-21 10:53:03 INFO Fetching PubMed abstracts for PMIDs: ['35421379']
2026-04-21 10:53:04 INFO Fetching experiment context for accession: SRX10984882
2026-04-21 10:53:06 INFO Fetching PubMed abstracts for PMIDs: ['35119359']
2026-04-21 10:53:07 INFO Fetching experiment context for accession: SRX11987903
2026-04-21 10:53:08 INFO Fetching PubMed abstracts for PMIDs: ['36027053']
2026-04-21 10:53:09 INFO Fetching experiment context for accession: SRX11438992
2026-04-21 10:53:11 INFO Fetching PubMed abstracts for PMIDs: ['35421379']
2026-04-21 10:53:12 INFO Fetching experiment context for accession: SRX11143428
2026-04-21 10:53:13 INFO Fetching PubMed abstracts for PMIDs: ['34381210']
2026-04-21 10:53:14 INFO Fetching experiment context for accession: SRX14098302
2026-04-21 10:53:16 INFO Fetching experiment context for accession: SRX14098301
2026-04-21 10:53:17 INFO Fetching experiment context for accession: SRX14098303
2026-04-21 10:53:19 INFO Fetching experiment context for accession: SRX11987896
2026-04-21 10:53:21 INFO Fetching PubMed abstracts for PMIDs: ['36027053']
2026-04-21 10:53:22 INFO Fetching experiment context for accession: SRX14098306
2026-04-21 10:53:23 INFO Fetching experiment context for accession: SRX14589432
2026-04-21 10:53:25 INFO Fetching PubMed abstracts for PMIDs: ['35483404']
2026-04-21 10:53:26 INFO Fetching experiment context for accession: SRX11987900
2026-04-21 10:53:28 INFO Fetching PubMed abstracts for PMIDs: ['36027053']
2026-04-21 10:53:29 INFO Fetching experiment context for accession: SRX14495312
2026-04-21 10:53:30 INFO Fetching PubMed abstracts for PMIDs: ['36074145']
2026-04-21 10:53:31 INFO Fetching experiment context for accession: SRX14589433
2026-04-21 10:53:32 INFO Fetching PubMed abstracts for PMIDs: ['35483404']
2026-04-21 10:53:33 INFO Fetching experiment context for accession: SRX14589431
2026-04-21 10:53:35 INFO Fetching PubMed abstracts for PMIDs: ['35483404']
2026-04-21 10:53:36 INFO Fetching experiment context for accession: SRX14767855
2026-04-21 10:53:37 INFO Fetching PubMed abstracts for PMIDs: ['34458011', '39956716']
2026-04-21 10:53:38 INFO Fetching experiment context for accession: SRX14767854
2026-04-21 10:53:40 INFO Fetching PubMed abstracts for PMIDs: ['34458011', '39956716']
2026-04-21 10:53:41 INFO Fetching experiment context for accession: SRX14767853
2026-04-21 10:53:42 INFO Fetching PubMed abstracts for PMIDs: ['34458011', '39956716']
2026-04-21 10:53:43 INFO Fetching experiment context for accession: SRX14767848
2026-04-21 10:53:45 INFO Fetching PubMed abstracts for PMIDs: ['34458011', '39956716']
2026-04-21 10:53:46 INFO Fetching experiment context for accession: SRX14767852
2026-04-21 10:53:47 INFO Fetching PubMed abstracts for PMIDs: ['34458011', '39956716']
2026-04-21 10:53:48 INFO Fetching experiment context for accession: SRX14767851
2026-04-21 10:53:50 INFO Fetching PubMed abstracts for PMIDs: ['34458011', '39956716']
2026-04-21 10:53:51 INFO Fetching experiment context for accession: SRX11987915
2026-04-21 10:53:52 INFO Fetching PubMed abstracts for PMIDs: ['36027053']
2026-04-21 10:53:53 INFO Fetching experiment context for accession: SRX11143424
2026-04-21 10:53:55 INFO Fetching PubMed abstracts for PMIDs: ['34381210']
2026-04-21 10:53:56 INFO Fetching experiment context for accession: SRX11438991
2026-04-21 10:53:57 INFO Fetching PubMed abstracts for PMIDs: ['35421379']
2026-04-21 10:53:58 INFO Fetching experiment context for accession: SRX15390221
2026-04-21 10:54:00 INFO Fetching experiment context for accession: SRX11143425
2026-04-21 10:54:01 INFO Fetching PubMed abstracts for PMIDs: ['34381210']
2026-04-21 10:54:02 INFO Fetching experiment context for accession: SRX11438990
2026-04-21 10:54:04 INFO Fetching PubMed abstracts for PMIDs: ['35421379']
2026-04-21 10:54:05 INFO Fetching experiment context for accession: SRX15390539
2026-04-21 10:54:06 INFO Fetching experiment context for accession: SRX11143427
2026-04-21 10:54:08 INFO Fetching PubMed abstracts for PMIDs: ['34381210']
2026-04-21 10:57:41 INFO Fetching experiment context for accession: ERX11662371
2026-04-21 10:57:51 INFO Fetching experiment context for accession: ERX11662371
